<?xml version="1.0" encoding="UTF-8"?>
<!-- Generated by org.testng.reporters.JUnitReportReporter -->
<testsuite skipped="0" hostname="123-PC" name="Testing.Sample.browser_open" tests="1" failures="0" timestamp="28 Dec 2018 08:46:10 GMT" time="0.032" errors="0">
  <testcase name="meth" time="0.032" classname="Testing.Sample.browser_open"/>
</testsuite> <!-- Testing.Sample.browser_open -->
